<?xml version="1.0" encoding="UTF-8"?>
<testng-results ignored="0" total="1" passed="1" failed="0" skipped="0">
  <reporter-output>
  </reporter-output>
  <suite started-at="2022-05-30T16:20:24 BST" name="Default suite" finished-at="2022-05-30T16:21:00 BST" duration-ms="36560">
    <groups>
    </groups>
    <test started-at="2022-05-30T16:20:24 BST" name="Default test" finished-at="2022-05-30T16:21:00 BST" duration-ms="36560">
      <class name="mvnTrainingPractice.LaunchBrowser">
        <test-method signature="launchBrowser()[pri:0, instance:mvnTrainingPractice.LaunchBrowser@5e82df6a]" started-at="2022-05-30T16:20:24 BST" name="launchBrowser" finished-at="2022-05-30T16:21:00 BST" duration-ms="36228" status="PASS">
          <reporter-output>
          </reporter-output>
        </test-method> <!-- launchBrowser -->
      </class> <!-- mvnTrainingPractice.LaunchBrowser -->
    </test> <!-- Default test -->
  </suite> <!-- Default suite -->
</testng-results>
